<?xml version="1.0" encoding="UTF-8"?>
<!-- Generated by org.testng.reporters.JUnitReportReporter -->
<testsuite hostname="Tushars-MacBook-Pro.local" failures="0" tests="1" name="test.scenarios.VerificationTest" time="165.145" errors="0" timestamp="2023-11-13T15:29:38 CET" skipped="0">
  <testcase classname="test.scenarios.VerificationTest" name="performAction" time="165.145"/>
  <system-out/>
</testsuite> <!-- test.scenarios.VerificationTest -->
